Release 14.6 - platgen Xilinx EDK 14.6 Build EDK_P.68d
 (nt64)
Copyright (c) 1995-2013 Xilinx, Inc.  All rights reserved.

Command Line: platgen -p xc6slx75csg484-3 -lang vhdl -intstyle ise -stubgen
D:\proj\42.Mutronics\LS_beam_ctrl\2.dev\fpga\LS_beam_ctrl\sources\proc_sys\proc_
sys.mhs 

Parse
D:/proj/42.Mutronics/LS_beam_ctrl/2.dev/fpga/LS_beam_ctrl/sources/proc_sys/proc_
sys.mhs ...

Create merged mhs ...

Overriding IP level properties ...

Computing clock values...
INFO:EDK:1432 - Frequency for Top-Level Input Clock 'xps_mch_emc_0_RdClk_pin' is
   not specified. Clock DRCs will not be performed for IPs connected to that
   clock port, unless they are connected through the clock generator IP. 

INFO:EDK:740 - Cannot determine the input clock associated with port :
   ilmb_cntlr:BRAM_Clk_A. Clock DRCs will not be performed on this core and
   cores connected to it. 
INFO:EDK:740 - Cannot determine the input clock associated with port :
   dlmb_cntlr:BRAM_Clk_A. Clock DRCs will not be performed on this core and
   cores connected to it. 

Performing IP level DRCs on properties...

Running DRC Tcl procedures for OPTION IPLEVEL_DRC_PROC...
Address Map for Processor microblaze_0
  (0000000000-0x00007fff) dlmb_cntlr	dlmb
  (0000000000-0x00007fff) ilmb_cntlr	ilmb
  (0x20000000-0x200003ff) xps_epc_0	mb_plb
  (0x40000000-0x4fffffff) xps_mch_emc_0	mb_plb
  (0x84000000-0x8400ffff) RS232	mb_plb
  (0x84400000-0x8440ffff) mdm_0	mb_plb
INFO:EDK:4130 - IPNAME: plb_v46, INSTANCE:mb_plb - tool is overriding PARAMETER
   C_PLBV46_NUM_MASTERS value to 2 -
   C:\Xilinx\14.6\ISE_DS\EDK\hw\XilinxProcessorIPLib\pcores\plb_v46_v1_05_a\data
   \plb_v46_v2_1_0.mpd line 79 
INFO:EDK:4130 - IPNAME: plb_v46, INSTANCE:mb_plb - tool is overriding PARAMETER
   C_PLBV46_NUM_SLAVES value to 4 -
   C:\Xilinx\14.6\ISE_DS\EDK\hw\XilinxProcessorIPLib\pcores\plb_v46_v1_05_a\data
   \plb_v46_v2_1_0.mpd line 80 
INFO:EDK:4130 - IPNAME: plb_v46, INSTANCE:mb_plb - tool is overriding PARAMETER
   C_PLBV46_MID_WIDTH value to 1 -
   C:\Xilinx\14.6\ISE_DS\EDK\hw\XilinxProcessorIPLib\pcores\plb_v46_v1_05_a\data
   \plb_v46_v2_1_0.mpd line 81 
INFO:EDK:4130 - IPNAME: plb_v46, INSTANCE:mb_plb - tool is overriding PARAMETER
   C_PLBV46_DWIDTH value to 32 -
   C:\Xilinx\14.6\ISE_DS\EDK\hw\XilinxProcessorIPLib\pcores\plb_v46_v1_05_a\data
   \plb_v46_v2_1_0.mpd line 83 
INFO:EDK:4130 - IPNAME: lmb_v10, INSTANCE:ilmb - tool is overriding PARAMETER
   C_LMB_NUM_SLAVES value to 1 -
   C:\Xilinx\14.6\ISE_DS\EDK\hw\XilinxProcessorIPLib\pcores\lmb_v10_v2_00_b\data
   \lmb_v10_v2_1_0.mpd line 82 
INFO:EDK:4130 - IPNAME: lmb_v10, INSTANCE:dlmb - tool is overriding PARAMETER
   C_LMB_NUM_SLAVES value to 1 -
   C:\Xilinx\14.6\ISE_DS\EDK\hw\XilinxProcessorIPLib\pcores\lmb_v10_v2_00_b\data
   \lmb_v10_v2_1_0.mpd line 82 
INFO:EDK:4130 - IPNAME: bram_block, INSTANCE:lmb_bram - tool is overriding
   PARAMETER C_MEMSIZE value to 0x8000 -
   C:\Xilinx\14.6\ISE_DS\EDK\hw\XilinxProcessorIPLib\pcores\bram_block_v1_00_a\d
   ata\bram_block_v2_1_0.mpd line 78 
INFO:EDK:4130 - IPNAME: xps_uartlite, INSTANCE:RS232 - tool is overriding
   PARAMETER C_SPLB_NUM_MASTERS value to 2 -
   C:\Xilinx\14.6\ISE_DS\EDK\hw\XilinxProcessorIPLib\pcores\xps_uartlite_v1_02_a
   \data\xps_uartlite_v2_1_0.mpd line 84 
INFO:EDK:4130 - IPNAME: mdm, INSTANCE:mdm_0 - tool is overriding PARAMETER
   C_SPLB_MID_WIDTH value to 1 -
   C:\Xilinx\14.6\ISE_DS\EDK\hw\XilinxProcessorIPLib\pcores\mdm_v2_10_a\data\mdm
   _v2_1_0.mpd line 118 
INFO:EDK:4130 - IPNAME: mdm, INSTANCE:mdm_0 - tool is overriding PARAMETER
   C_SPLB_NUM_MASTERS value to 2 -
   C:\Xilinx\14.6\ISE_DS\EDK\hw\XilinxProcessorIPLib\pcores\mdm_v2_10_a\data\mdm
   _v2_1_0.mpd line 119 
INFO:EDK:4130 - IPNAME: xps_epc, INSTANCE:xps_epc_0 - tool is overriding
   PARAMETER C_SPLB_NUM_MASTERS value to 2 -
   C:\Xilinx\14.6\ISE_DS\EDK\hw\XilinxProcessorIPLib\pcores\xps_epc_v1_02_a\data
   \xps_epc_v2_1_0.mpd line 84 
INFO:EDK:4130 - IPNAME: xps_mch_emc, INSTANCE:xps_mch_emc_0 - tool is overriding
   PARAMETER C_SPLB_NUM_MASTERS value to 2 -
   C:\Xilinx\14.6\ISE_DS\EDK\hw\XilinxProcessorIPLib\pcores\xps_mch_emc_v3_01_a\
   data\xps_mch_emc_v2_1_0.mpd line 89 

Checking platform address map ...

Modify defaults ...

Creating stub ...

Elaborating instances ...
IPNAME:bram_block INSTANCE:lmb_bram -
D:\proj\42.Mutronics\LS_beam_ctrl\2.dev\fpga\LS_beam_ctrl\sources\proc_sys\proc_
sys.mhs line 90 - elaborating IP

Inserting wrapper level ...

Writing (stub) BMM ...

Writing top-level HDL ...

Total run time: 4.00 seconds
