#-----------------------------------------------------------
# Webtalk v2017.4 (64-bit)
# SW Build 2086221 on Fri Dec 15 20:54:30 MST 2017
# 
# Start of session at: Thu Jun 27 23:20:09 2019
# Process ID: 19401
# Current directory: /home/sdr/project/IntegrationProject/mercenary/fpga_sine_wave/fpga_sine_wave.sdk/webtalk
# Command line: wbtcv -mode batch -source sdk_webtalk.tcl
# Log file: /home/sdr/project/IntegrationProject/mercenary/fpga_sine_wave/fpga_sine_wave.sdk/webtalk/webtalk.log
# Journal file: /home/sdr/project/IntegrationProject/mercenary/fpga_sine_wave/fpga_sine_wave.sdk/webtalk/webtalk.jou
#-----------------------------------------------------------
source sdk_webtalk.tcl
# webtalk_init -webtalk_dir /home/sdr/project/IntegrationProject/mercenary/fpga_sine_wave/fpga_sine_wave.sdk/webtalk
# webtalk_register_client -client project
# webtalk_add_data -client project -key date_generated -value "2019-06-27 23:20:07" -context "software_version_and_target_device"
# webtalk_add_data -client project -key product_version -value "SDK v2017.4" -context "software_version_and_target_device"
# webtalk_add_data -client project -key build_version -value "2017.4" -context "software_version_and_target_device"
# webtalk_add_data -client project -key os_platform -value "amd64" -context "software_version_and_target_device"
# webtalk_add_data -client project -key registration_id -value "211148882_1777514598_0_569" -context "software_version_and_target_device"
# webtalk_add_data -client project -key tool_flow -value "SDK" -context "software_version_and_target_device"
# webtalk_add_data -client project -key beta -value "false" -context "software_version_and_target_device"
# webtalk_add_data -client project -key route_design -value "NA" -context "software_version_and_target_device"
# webtalk_add_data -client project -key target_family -value "NA" -context "software_version_and_target_device"
# webtalk_add_data -client project -key target_device -value "NA" -context "software_version_and_target_device"
# webtalk_add_data -client project -key target_package -value "NA" -context "software_version_and_target_device"
# webtalk_add_data -client project -key target_speed -value "NA" -context "software_version_and_target_device"
# webtalk_add_data -client project -key random_id -value "78kt0l1fgcit7ub9og6hfcvsvf" -context "software_version_and_target_device"
# webtalk_add_data -client project -key project_id -value "2017.4_5" -context "software_version_and_target_device"
# webtalk_add_data -client project -key project_iteration -value "5" -context "software_version_and_target_device"
# webtalk_add_data -client project -key os_name -value "Ubuntu" -context "user_environment"
# webtalk_add_data -client project -key os_release -value "Ubuntu 16.04.3 LTS" -context "user_environment"
# webtalk_add_data -client project -key cpu_name -value "Intel(R) Core(TM) i7-4790 CPU @ 3.60GHz" -context "user_environment"
# webtalk_add_data -client project -key cpu_speed -value "1860.298 MHz" -context "user_environment"
# webtalk_add_data -client project -key total_processors -value "1" -context "user_environment"
# webtalk_add_data -client project -key system_ram -value "8.315 GB" -context "user_environment"
# webtalk_register_client -client sdk
# webtalk_add_data -client sdk -key uid -value "1561644211000" -context "sdk\\\\hardware/1561644211000"
# webtalk_add_data -client sdk -key isZynq -value "true" -context "sdk\\\\hardware/1561644211000"
# webtalk_add_data -client sdk -key isZynqMP -value "false" -context "sdk\\\\hardware/1561644211000"
# webtalk_add_data -client sdk -key Processors -value "2" -context "sdk\\\\hardware/1561644211000"
# webtalk_add_data -client sdk -key VivadoVersion -value "2017.4" -context "sdk\\\\hardware/1561644211000"
# webtalk_add_data -client sdk -key Arch -value "zynq" -context "sdk\\\\hardware/1561644211000"
# webtalk_add_data -client sdk -key Device -value "7z010" -context "sdk\\\\hardware/1561644211000"
# webtalk_add_data -client sdk -key IsHandoff -value "true" -context "sdk\\\\hardware/1561644211000"
# webtalk_add_data -client sdk -key os -value "NA" -context "sdk\\\\hardware/1561644211000"
# webtalk_add_data -client sdk -key apptemplate -value "NA" -context "sdk\\\\hardware/1561644211000"
# webtalk_add_data -client sdk -key RecordType -value "HWCreation" -context "sdk\\\\hardware/1561644211000"
# webtalk_add_data -client sdk -key uid -value "1561644581000" -context "sdk\\\\bsp/1561644581000"
# webtalk_add_data -client sdk -key hwid -value "1561644211000" -context "sdk\\\\bsp/1561644581000"
# webtalk_add_data -client sdk -key os -value "standalone" -context "sdk\\\\bsp/1561644581000"
# webtalk_add_data -client sdk -key apptemplate -value "empty_application" -context "sdk\\\\bsp/1561644581000"
# webtalk_add_data -client sdk -key RecordType -value "BSPCreation" -context "sdk\\\\bsp/1561644581000"
# webtalk_add_data -client sdk -key uid -value "1561644585000" -context "sdk\\\\application/1561644585000"
# webtalk_add_data -client sdk -key hwid -value "1561644211000" -context "sdk\\\\application/1561644585000"
# webtalk_add_data -client sdk -key bspid -value "1561644581000" -context "sdk\\\\application/1561644585000"
# webtalk_add_data -client sdk -key newbsp -value "true" -context "sdk\\\\application/1561644585000"
# webtalk_add_data -client sdk -key os -value "standalone" -context "sdk\\\\application/1561644585000"
# webtalk_add_data -client sdk -key apptemplate -value "empty_application" -context "sdk\\\\application/1561644585000"
# webtalk_add_data -client sdk -key RecordType -value "APPCreation" -context "sdk\\\\application/1561644585000"
# webtalk_add_data -client sdk -key LangUsed -value "C" -context "sdk\\\\application/1561644585000"
# webtalk_add_data -client sdk -key Procused -value "ps7_cortexa9" -context "sdk\\\\application/1561644585000"
# webtalk_add_data -client sdk -key projSize -value "178.91796875" -context "sdk\\\\application/1561644585000"
# webtalk_add_data -client sdk -key uid -value "NA" -context "sdk\\\\bsp/1561645207482"
# webtalk_add_data -client sdk -key RecordType -value "ToolUsage" -context "sdk\\\\bsp/1561645207482"
# webtalk_add_data -client sdk -key BootgenCount -value "0" -context "sdk\\\\bsp/1561645207482"
# webtalk_add_data -client sdk -key DebugCount -value "0" -context "sdk\\\\bsp/1561645207482"
# webtalk_add_data -client sdk -key PerfCount -value "0" -context "sdk\\\\bsp/1561645207482"
# webtalk_add_data -client sdk -key FlashCount -value "0" -context "sdk\\\\bsp/1561645207482"
# webtalk_add_data -client sdk -key CrossTriggCount -value "0" -context "sdk\\\\bsp/1561645207482"
# webtalk_add_data -client sdk -key QemuDebugCount -value "0" -context "sdk\\\\bsp/1561645207482"
# webtalk_transmit -clientid 690743075 -regid "211148882_1777514598_0_569" -xml /home/sdr/project/IntegrationProject/mercenary/fpga_sine_wave/fpga_sine_wave.sdk/webtalk/usage_statistics_ext_sdk.xml -html /home/sdr/project/IntegrationProject/mercenary/fpga_sine_wave/fpga_sine_wave.sdk/webtalk/usage_statistics_ext_sdk.html -wdm /home/sdr/project/IntegrationProject/mercenary/fpga_sine_wave/fpga_sine_wave.sdk/webtalk/sdk_webtalk.wdm -intro "<H3>SDK Usage Report</H3><BR>"
# webtalk_terminate
INFO: [Common 17-206] Exiting Webtalk at Thu Jun 27 23:20:09 2019...
