Copyright 1986-2018 Xilinx, Inc. All Rights Reserved.
--------------------------------------------------------------------------------------------------------------------------------------------------------------------------------
| Tool Version : Vivado v.2018.2 (lin64) Build 2258646 Thu Jun 14 20:02:38 MDT 2018
| Date         : Sun Jun  9 22:42:12 2019
| Host         : roro-Lenovo-Y520-15IKBN running 64-bit Ubuntu 16.04.5 LTS
| Command      : report_methodology -file ps_spi_wrapper_methodology_drc_routed.rpt -pb ps_spi_wrapper_methodology_drc_routed.pb -rpx ps_spi_wrapper_methodology_drc_routed.rpx
| Design       : ps_spi_wrapper
| Device       : xc7z010clg400-1
| Speed File   : -1
| Design State : Routed
--------------------------------------------------------------------------------------------------------------------------------------------------------------------------------

Report Methodology

Table of Contents
-----------------
1. REPORT SUMMARY
2. REPORT DETAILS

1. REPORT SUMMARY
-----------------
            Netlist: netlist
          Floorplan: checkpoint_ps_spi_wrapper
      Design limits: <entire design considered>
             Max violations: <unlimited>
             Violations found: 1
+--------+----------+-------------------------------------------------+------------+
| Rule   | Severity | Description                                     | Violations |
+--------+----------+-------------------------------------------------+------------+
| XDCC-5 | Warning  | User Non-Timing constraint/property overwritten | 1          |
+--------+----------+-------------------------------------------------+------------+

2. REPORT DETAILS
-----------------
XDCC-5#1 Warning
User Non-Timing constraint/property overwritten  
A new XDC property IOSTANDARD on SPI0_SCLK_O_0 overrides a previous user property.
New Source: /home/roro/fpga_workspace/ps_spi/ps_spi.srcs/constrs_1/new/ps_spi.xdc (Line: 3)
Previous Source: /home/roro/fpga_workspace/ps_spi/ps_spi.srcs/constrs_1/new/ps_spi.xdc (Line: 3)
Related violations: <none>


