#-----------------------------------------------------------
# PlanAhead v14.7
# Build 321239 by xbuild on Fri Sep 27 19:31:35 MDT 2013
# Start of session at: Tue Jan 23 13:42:02 2018
# Process ID: 13100
# Log file: C:/Users/dongj/Desktop/rpmfanuart/planAhead_run_3/planAhead.log
# Journal file: C:/Users/dongj/Desktop/rpmfanuart/planAhead_run_3/planAhead.jou
#-----------------------------------------------------------
INFO: [Common 17-78] Attempting to get a license: PlanAhead
INFO: [Common 17-290] Got license for PlanAhead
INFO: [Device 21-36] Loading parts and site information from C:/Xilinx/14.7/ISE_DS/PlanAhead/data/parts/arch.xml
Parsing RTL primitives file [C:/Xilinx/14.7/ISE_DS/PlanAhead/data/parts/xilinx/rtl/prims/rtl_prims.xml]
Finished parsing RTL primitives file [C:/Xilinx/14.7/ISE_DS/PlanAhead/data/parts/xilinx/rtl/prims/rtl_prims.xml]
start_gui
source C:/Users/dongj/Desktop/rpmfanuart/pa.fromNetlist.tcl
# create_project -name rpmfanuart -dir "C:/Users/dongj/Desktop/rpmfanuart/planAhead_run_4" -part xc6slx9tqg144-2
INFO: [Common 17-41] Interrupt caught. Command should exit soon.
INFO: [Common 17-344] 'current_run' was cancelled
INFO: [Common 17-344] 'source' was cancelled
exit
ERROR: [PlanAhead 12-106] *** Exception: ui.h.b: Found deleted key in HTclEventBroker. Verify if the classes listed here call cleanup()
HTclEvent: DEBUG_CORE_CONFIG_CHANGE   Classes: ui.views.aR 
HTclEvent: SIGNAL_BUS_MODIFY   Classes: ui.views.aR 
HTclEvent: DEBUG_PORT_CONFIG_CHANGE   Classes: ui.views.aR 
HTclEvent: SIGNAL_MODIFY   Classes: ui.views.aR 
 (See C:/Users/dongj/Desktop/rpmfanuart\planAhead_pid13100.debug)
ERROR: [Common 17-39] 'stop_gui' failed due to earlier errors.
INFO: [Common 17-206] Exiting PlanAhead at Tue Jan 23 13:42:33 2018...
INFO: [Common 17-83] Releasing license: PlanAhead
